-------------------------------------------------------------------------------
Test set: springpetclinic.SpringpetclinicApplicationTests
-------------------------------------------------------------------------------
Tests run: 1, Failures: 0, Errors: 1, Skipped: 0, Time elapsed: 0.121 s <<< FAILURE! - in springpetclinic.SpringpetclinicApplicationTests
springpetclinic.SpringpetclinicApplicationTests  Time elapsed: 0.12 s  <<< ERROR!
java.lang.IllegalStateException: Unable to find a @SpringBootConfiguration, you need to use @ContextConfiguration or @SpringBootTest(classes=...) with your test

